[debug] [2025-06-17T16:07:50.589Z] ----------------------------------------------------------------------
[debug] [2025-06-17T16:07:50.591Z] Command:       /Users/samandar/.nvm/versions/node/v22.12.0/bin/node /Users/samandar/.nvm/versions/node/v22.12.0/bin/firebase init
[debug] [2025-06-17T16:07:50.592Z] CLI Version:   14.7.0
[debug] [2025-06-17T16:07:50.592Z] Platform:      darwin
[debug] [2025-06-17T16:07:50.592Z] Node Version:  v22.12.0
[debug] [2025-06-17T16:07:50.592Z] Time:          Tue Jun 17 2025 21:07:50 GMT+0500 (Uzbekistan Standard Time)
[debug] [2025-06-17T16:07:50.592Z] ----------------------------------------------------------------------
[debug] 
[debug] [2025-06-17T16:07:50.758Z] > command requires scopes: ["email","openid","https://www.googleapis.com/auth/cloudplatformprojects.readonly","https://www.googleapis.com/auth/firebase","https://www.googleapis.com/auth/cloud-platform"]
[debug] [2025-06-17T16:07:50.758Z] > authorizing via signed-in user (samandarik5@gmail.com)
[info] 
     ######## #### ########  ######## ########     ###     ######  ########
     ##        ##  ##     ## ##       ##     ##  ##   ##  ##       ##
     ######    ##  ########  ######   ########  #########  ######  ######
     ##        ##  ##    ##  ##       ##     ## ##     ##       ## ##
     ##       #### ##     ## ######## ########  ##     ##  ######  ########

You're about to initialize a Firebase project in this directory:

  /Users/samandar/Downloads/amur-restaurant (6) 3

Before we get started, keep in mind:

  * You are initializing within an existing Firebase project directory

[info] 
=== Project Setup
[info] 
[info] First, let's associate this project directory with a Firebase project.
[info] You can create multiple project aliases by running firebase use --add, 
[info] but for now we'll just set up a default project.
[info] 
[debug] [2025-06-17T16:08:07.588Z] Using project from CLI flag: amur-restoran
[debug] [2025-06-17T16:08:07.590Z] Checked if tokens are valid: true, expires at: 1750179753270
[debug] [2025-06-17T16:08:07.590Z] Checked if tokens are valid: true, expires at: 1750179753270
[debug] [2025-06-17T16:08:07.592Z] >>> [apiv2][query] GET https://firebase.googleapis.com/v1beta1/projects/amur-restoran [none]
[debug] [2025-06-17T16:08:08.101Z] <<< [apiv2][status] GET https://firebase.googleapis.com/v1beta1/projects/amur-restoran 200
[debug] [2025-06-17T16:08:08.102Z] <<< [apiv2][body] GET https://firebase.googleapis.com/v1beta1/projects/amur-restoran {"projectId":"amur-restoran","projectNumber":"613509125472","displayName":"Amur  Restoran","name":"projects/amur-restoran","resources":{"hostingSite":"amur-restoran"},"state":"ACTIVE","etag":"1_10be6901-9a34-4231-9abe-02a78eb9b510"}
[info] i  Using project amur-restoran (Amur  Restoran) 
[info] 
=== Functions Setup
[debug] [2025-06-17T16:08:08.115Z] > command requires scopes: ["email","openid","https://www.googleapis.com/auth/cloudplatformprojects.readonly","https://www.googleapis.com/auth/firebase","https://www.googleapis.com/auth/cloud-platform"]
[debug] [2025-06-17T16:08:08.116Z] > authorizing via signed-in user (samandarik5@gmail.com)
[debug] [2025-06-17T16:08:08.116Z] [iam] checking project amur-restoran for permissions ["firebase.projects.get"]
[debug] [2025-06-17T16:08:08.116Z] Checked if tokens are valid: true, expires at: 1750179753270
[debug] [2025-06-17T16:08:08.116Z] Checked if tokens are valid: true, expires at: 1750179753270
[debug] [2025-06-17T16:08:08.117Z] >>> [apiv2][query] POST https://cloudresourcemanager.googleapis.com/v1/projects/amur-restoran:testIamPermissions [none]
[debug] [2025-06-17T16:08:08.117Z] >>> [apiv2][(partial)header] POST https://cloudresourcemanager.googleapis.com/v1/projects/amur-restoran:testIamPermissions x-goog-quota-user=projects/amur-restoran
[debug] [2025-06-17T16:08:08.117Z] >>> [apiv2][body] POST https://cloudresourcemanager.googleapis.com/v1/projects/amur-restoran:testIamPermissions {"permissions":["firebase.projects.get"]}
[debug] [2025-06-17T16:08:09.156Z] <<< [apiv2][status] POST https://cloudresourcemanager.googleapis.com/v1/projects/amur-restoran:testIamPermissions 200
[debug] [2025-06-17T16:08:09.156Z] <<< [apiv2][body] POST https://cloudresourcemanager.googleapis.com/v1/projects/amur-restoran:testIamPermissions {"permissions":["firebase.projects.get"]}
[debug] [2025-06-17T16:08:09.157Z] Checked if tokens are valid: true, expires at: 1750179753270
[debug] [2025-06-17T16:08:09.157Z] Checked if tokens are valid: true, expires at: 1750179753270
[debug] [2025-06-17T16:08:09.158Z] Checked if tokens are valid: true, expires at: 1750179753270
[debug] [2025-06-17T16:08:09.158Z] Checked if tokens are valid: true, expires at: 1750179753270
[debug] [2025-06-17T16:08:09.159Z] >>> [apiv2][query] GET https://serviceusage.googleapis.com/v1/projects/amur-restoran/services/cloudfunctions.googleapis.com [none]
[debug] [2025-06-17T16:08:09.159Z] >>> [apiv2][(partial)header] GET https://serviceusage.googleapis.com/v1/projects/amur-restoran/services/cloudfunctions.googleapis.com x-goog-quota-user=projects/amur-restoran
[debug] [2025-06-17T16:08:09.162Z] >>> [apiv2][query] GET https://serviceusage.googleapis.com/v1/projects/amur-restoran/services/runtimeconfig.googleapis.com [none]
[debug] [2025-06-17T16:08:09.162Z] >>> [apiv2][(partial)header] GET https://serviceusage.googleapis.com/v1/projects/amur-restoran/services/runtimeconfig.googleapis.com x-goog-quota-user=projects/amur-restoran
[debug] [2025-06-17T16:08:10.575Z] <<< [apiv2][status] GET https://serviceusage.googleapis.com/v1/projects/amur-restoran/services/cloudfunctions.googleapis.com 200
[debug] [2025-06-17T16:08:10.575Z] <<< [apiv2][body] GET https://serviceusage.googleapis.com/v1/projects/amur-restoran/services/cloudfunctions.googleapis.com [omitted]
[debug] [2025-06-17T16:08:10.576Z] Checked if tokens are valid: true, expires at: 1750179753270
[debug] [2025-06-17T16:08:10.576Z] Checked if tokens are valid: true, expires at: 1750179753270
[debug] [2025-06-17T16:08:10.577Z] >>> [apiv2][query] POST https://serviceusage.googleapis.com/v1/projects/amur-restoran/services/cloudfunctions.googleapis.com:enable [none]
[debug] [2025-06-17T16:08:10.577Z] >>> [apiv2][(partial)header] POST https://serviceusage.googleapis.com/v1/projects/amur-restoran/services/cloudfunctions.googleapis.com:enable x-goog-quota-user=projects/amur-restoran
[debug] [2025-06-17T16:08:10.579Z] <<< [apiv2][status] GET https://serviceusage.googleapis.com/v1/projects/amur-restoran/services/runtimeconfig.googleapis.com 200
[debug] [2025-06-17T16:08:10.579Z] <<< [apiv2][body] GET https://serviceusage.googleapis.com/v1/projects/amur-restoran/services/runtimeconfig.googleapis.com [omitted]
[debug] [2025-06-17T16:08:11.812Z] <<< [apiv2][status] POST https://serviceusage.googleapis.com/v1/projects/amur-restoran/services/cloudfunctions.googleapis.com:enable 200
[debug] [2025-06-17T16:08:11.812Z] <<< [apiv2][body] POST https://serviceusage.googleapis.com/v1/projects/amur-restoran/services/cloudfunctions.googleapis.com:enable [omitted]
[debug] [2025-06-17T16:08:21.814Z] Checked if tokens are valid: true, expires at: 1750179753270
[debug] [2025-06-17T16:08:21.814Z] Checked if tokens are valid: true, expires at: 1750179753270
[debug] [2025-06-17T16:08:21.814Z] >>> [apiv2][query] GET https://serviceusage.googleapis.com/v1/projects/amur-restoran/services/cloudfunctions.googleapis.com [none]
[debug] [2025-06-17T16:08:21.814Z] >>> [apiv2][(partial)header] GET https://serviceusage.googleapis.com/v1/projects/amur-restoran/services/cloudfunctions.googleapis.com x-goog-quota-user=projects/amur-restoran
[debug] [2025-06-17T16:08:22.970Z] <<< [apiv2][status] GET https://serviceusage.googleapis.com/v1/projects/amur-restoran/services/cloudfunctions.googleapis.com 200
[debug] [2025-06-17T16:08:22.970Z] <<< [apiv2][body] GET https://serviceusage.googleapis.com/v1/projects/amur-restoran/services/cloudfunctions.googleapis.com [omitted]
[info] Let's create a new codebase for your functions.
[info] A directory corresponding to the codebase will be created in your project
[info] with sample code pre-configured.

[info] See https://firebase.google.com/docs/functions/organize-functions for
[info] more information on organizing your functions using codebases.

[info] Functions can be deployed with firebase deploy.

